<?xml version="1.0" encoding="UTF-8"?>
<!-- Generated by org.testng.reporters.JUnitXMLReporter -->
<testsuite ignored="0" hostname="DESKTOP-A3O7GKS" failures="1" tests="1" name="Test" time="15.153" errors="0" timestamp="2023-05-12T13:41:23 IST">
  <testcase classname="com.inetBanking.testCase.TC_AddcustomerTest_002" name="addNewCustomer" time="4.321">
    <failure type="java.lang.NullPointerException" message="Cannot invoke &amp;quot;org.openqa.selenium.WebDriver.switchTo()&amp;quot; because &amp;quot;this.driver&amp;quot; is null">
      <![CDATA[java.lang.NullPointerException: Cannot invoke "org.openqa.selenium.WebDriver.switchTo()" because "this.driver" is null
at com.inetBanking.POM.closeadd.clk(closeadd.java:21)
at com.inetBanking.testCase.TC_AddcustomerTest_002.addNewCustomer(TC_AddcustomerTest_002.java:32)
at java.base/java.util.ArrayList.forEach(ArrayList.java:1511)
... Removed 27 stack frames]]>
    </failure>
  </testcase> <!-- addNewCustomer -->
</testsuite> <!-- Test -->
